Calling target program-options parser
[16:13:06.332] [bmv2] [D] [thread 12259] Set default default entry for table 'MyIngress.FwdIngress.ipv4_lpm': MyIngress.FwdIngress.drop - 
[16:13:06.332] [bmv2] [D] [thread 12259] Set default default entry for table 'MyIngress.process_int_source_sink.tb_set_source': MyIngress.process_int_source_sink.nop - 
[16:13:06.332] [bmv2] [D] [thread 12259] Set default default entry for table 'MyIngress.process_int_source_sink.tb_set_sink': MyIngress.process_int_source_sink.nop - 
[16:13:06.332] [bmv2] [D] [thread 12259] Set default default entry for table 'MyIngress.process_int_source_sink.tb_set_transit': MyIngress.process_int_source_sink.nop - 
[16:13:06.332] [bmv2] [D] [thread 12259] Set default default entry for table 'MyIngress.process_int_source_sink.tb_configure_sink': MyIngress.process_int_source_sink.nop - 
[16:13:06.332] [bmv2] [D] [thread 12259] Set default default entry for table 'tbl_int71': int71 - 
[16:13:06.332] [bmv2] [D] [thread 12259] Set default default entry for table 'MyIngress.process_int_source.tb_int_source': MyIngress.process_int_source.nop - 
[16:13:06.334] [bmv2] [D] [thread 12259] Set default default entry for table 'tbl_act': act - 
[16:13:06.334] [bmv2] [D] [thread 12259] Set default default entry for table 'tbl_int_transit430': int_transit430 - 
[16:13:06.334] [bmv2] [D] [thread 12259] Set default default entry for table 'tbl_Int_transit_int_hop_exceeded': MyEgress.Int_transit.int_hop_exceeded - 
[16:13:06.334] [bmv2] [D] [thread 12259] Set default default entry for table 'tbl_int_transit439': int_transit439 - 
[16:13:06.334] [bmv2] [D] [thread 12259] Set default default entry for table 'tbl_Int_transit_int_hop_cnt_increment': MyEgress.Int_transit.int_hop_cnt_increment - 
[16:13:06.334] [bmv2] [D] [thread 12259] Set default default entry for table 'MyEgress.Int_transit.tb_int_transit': NoAction - 
[16:13:06.334] [bmv2] [D] [thread 12259] Set default default entry for table 'MyEgress.Int_transit.tb_int_inst_0003': NoAction - 
[16:13:06.334] [bmv2] [D] [thread 12259] Entry 0 added to table 'MyEgress.Int_transit.tb_int_inst_0003'
[16:13:06.334] [bmv2] [D] [thread 12259] Dumping entry 0
Match key:
* hdr.int_header.instruction_mask_0003: TERNARY   00 &&& 0f
Priority: 1
Action entry: MyEgress.Int_transit.int_set_header_0003_i0 - 

[16:13:06.334] [bmv2] [D] [thread 12259] Entry 1 added to table 'MyEgress.Int_transit.tb_int_inst_0003'
[16:13:06.334] [bmv2] [D] [thread 12259] Dumping entry 1
Match key:
* hdr.int_header.instruction_mask_0003: TERNARY   01 &&& 0f
Priority: 2
Action entry: MyEgress.Int_transit.int_set_header_0003_i1 - 

[16:13:06.334] [bmv2] [D] [thread 12259] Entry 2 added to table 'MyEgress.Int_transit.tb_int_inst_0003'
[16:13:06.334] [bmv2] [D] [thread 12259] Dumping entry 2
Match key:
* hdr.int_header.instruction_mask_0003: TERNARY   02 &&& 0f
Priority: 3
Action entry: MyEgress.Int_transit.int_set_header_0003_i2 - 

[16:13:06.334] [bmv2] [D] [thread 12259] Entry 3 added to table 'MyEgress.Int_transit.tb_int_inst_0003'
[16:13:06.334] [bmv2] [D] [thread 12259] Dumping entry 3
Match key:
* hdr.int_header.instruction_mask_0003: TERNARY   03 &&& 0f
Priority: 4
Action entry: MyEgress.Int_transit.int_set_header_0003_i3 - 

[16:13:06.334] [bmv2] [D] [thread 12259] Entry 4 added to table 'MyEgress.Int_transit.tb_int_inst_0003'
[16:13:06.334] [bmv2] [D] [thread 12259] Dumping entry 4
Match key:
* hdr.int_header.instruction_mask_0003: TERNARY   04 &&& 0f
Priority: 5
Action entry: MyEgress.Int_transit.int_set_header_0003_i4 - 

[16:13:06.334] [bmv2] [D] [thread 12259] Entry 5 added to table 'MyEgress.Int_transit.tb_int_inst_0003'
[16:13:06.334] [bmv2] [D] [thread 12259] Dumping entry 5
Match key:
* hdr.int_header.instruction_mask_0003: TERNARY   05 &&& 0f
Priority: 6
Action entry: MyEgress.Int_transit.int_set_header_0003_i5 - 

[16:13:06.334] [bmv2] [D] [thread 12259] Entry 6 added to table 'MyEgress.Int_transit.tb_int_inst_0003'
[16:13:06.334] [bmv2] [D] [thread 12259] Dumping entry 6
Match key:
* hdr.int_header.instruction_mask_0003: TERNARY   06 &&& 0f
Priority: 7
Action entry: MyEgress.Int_transit.int_set_header_0003_i6 - 

[16:13:06.334] [bmv2] [D] [thread 12259] Entry 7 added to table 'MyEgress.Int_transit.tb_int_inst_0003'
[16:13:06.334] [bmv2] [D] [thread 12259] Dumping entry 7
Match key:
* hdr.int_header.instruction_mask_0003: TERNARY   07 &&& 0f
Priority: 8
Action entry: MyEgress.Int_transit.int_set_header_0003_i7 - 

[16:13:06.334] [bmv2] [D] [thread 12259] Entry 8 added to table 'MyEgress.Int_transit.tb_int_inst_0003'
[16:13:06.334] [bmv2] [D] [thread 12259] Dumping entry 8
Match key:
* hdr.int_header.instruction_mask_0003: TERNARY   08 &&& 0f
Priority: 9
Action entry: MyEgress.Int_transit.int_set_header_0003_i8 - 

[16:13:06.334] [bmv2] [D] [thread 12259] Entry 9 added to table 'MyEgress.Int_transit.tb_int_inst_0003'
[16:13:06.334] [bmv2] [D] [thread 12259] Dumping entry 9
Match key:
* hdr.int_header.instruction_mask_0003: TERNARY   09 &&& 0f
Priority: 10
Action entry: MyEgress.Int_transit.int_set_header_0003_i9 - 

[16:13:06.334] [bmv2] [D] [thread 12259] Entry 10 added to table 'MyEgress.Int_transit.tb_int_inst_0003'
[16:13:06.334] [bmv2] [D] [thread 12259] Dumping entry 10
Match key:
* hdr.int_header.instruction_mask_0003: TERNARY   0a &&& 0f
Priority: 11
Action entry: MyEgress.Int_transit.int_set_header_0003_i10 - 

[16:13:06.334] [bmv2] [D] [thread 12259] Entry 11 added to table 'MyEgress.Int_transit.tb_int_inst_0003'
[16:13:06.334] [bmv2] [D] [thread 12259] Dumping entry 11
Match key:
* hdr.int_header.instruction_mask_0003: TERNARY   0b &&& 0f
Priority: 12
Action entry: MyEgress.Int_transit.int_set_header_0003_i11 - 

[16:13:06.334] [bmv2] [D] [thread 12259] Entry 12 added to table 'MyEgress.Int_transit.tb_int_inst_0003'
[16:13:06.334] [bmv2] [D] [thread 12259] Dumping entry 12
Match key:
* hdr.int_header.instruction_mask_0003: TERNARY   0c &&& 0f
Priority: 13
Action entry: MyEgress.Int_transit.int_set_header_0003_i12 - 

[16:13:06.334] [bmv2] [D] [thread 12259] Entry 13 added to table 'MyEgress.Int_transit.tb_int_inst_0003'
[16:13:06.334] [bmv2] [D] [thread 12259] Dumping entry 13
Match key:
* hdr.int_header.instruction_mask_0003: TERNARY   0d &&& 0f
Priority: 14
Action entry: MyEgress.Int_transit.int_set_header_0003_i13 - 

[16:13:06.334] [bmv2] [D] [thread 12259] Entry 14 added to table 'MyEgress.Int_transit.tb_int_inst_0003'
[16:13:06.334] [bmv2] [D] [thread 12259] Dumping entry 14
Match key:
* hdr.int_header.instruction_mask_0003: TERNARY   0e &&& 0f
Priority: 15
Action entry: MyEgress.Int_transit.int_set_header_0003_i14 - 

[16:13:06.334] [bmv2] [D] [thread 12259] Entry 15 added to table 'MyEgress.Int_transit.tb_int_inst_0003'
[16:13:06.334] [bmv2] [D] [thread 12259] Dumping entry 15
Match key:
* hdr.int_header.instruction_mask_0003: TERNARY   0f &&& 0f
Priority: 16
Action entry: MyEgress.Int_transit.int_set_header_0003_i15 - 

[16:13:06.334] [bmv2] [D] [thread 12259] Set default default entry for table 'MyEgress.Int_transit.tb_int_inst_0407': NoAction - 
[16:13:06.334] [bmv2] [D] [thread 12259] Entry 0 added to table 'MyEgress.Int_transit.tb_int_inst_0407'
[16:13:06.334] [bmv2] [D] [thread 12259] Dumping entry 0
Match key:
* hdr.int_header.instruction_mask_0407: TERNARY   00 &&& 0f
Priority: 1
Action entry: MyEgress.Int_transit.int_set_header_0407_i0 - 

[16:13:06.334] [bmv2] [D] [thread 12259] Entry 1 added to table 'MyEgress.Int_transit.tb_int_inst_0407'
[16:13:06.334] [bmv2] [D] [thread 12259] Dumping entry 1
Match key:
* hdr.int_header.instruction_mask_0407: TERNARY   01 &&& 0f
Priority: 2
Action entry: MyEgress.Int_transit.int_set_header_0407_i1 - 

[16:13:06.334] [bmv2] [D] [thread 12259] Entry 2 added to table 'MyEgress.Int_transit.tb_int_inst_0407'
[16:13:06.334] [bmv2] [D] [thread 12259] Dumping entry 2
Match key:
* hdr.int_header.instruction_mask_0407: TERNARY   02 &&& 0f
Priority: 3
Action entry: MyEgress.Int_transit.int_set_header_0407_i2 - 

[16:13:06.334] [bmv2] [D] [thread 12259] Entry 3 added to table 'MyEgress.Int_transit.tb_int_inst_0407'
[16:13:06.334] [bmv2] [D] [thread 12259] Dumping entry 3
Match key:
* hdr.int_header.instruction_mask_0407: TERNARY   03 &&& 0f
Priority: 4
Action entry: MyEgress.Int_transit.int_set_header_0407_i3 - 

[16:13:06.334] [bmv2] [D] [thread 12259] Entry 4 added to table 'MyEgress.Int_transit.tb_int_inst_0407'
[16:13:06.334] [bmv2] [D] [thread 12259] Dumping entry 4
Match key:
* hdr.int_header.instruction_mask_0407: TERNARY   04 &&& 0f
Priority: 5
Action entry: MyEgress.Int_transit.int_set_header_0407_i4 - 

[16:13:06.334] [bmv2] [D] [thread 12259] Entry 5 added to table 'MyEgress.Int_transit.tb_int_inst_0407'
[16:13:06.334] [bmv2] [D] [thread 12259] Dumping entry 5
Match key:
* hdr.int_header.instruction_mask_0407: TERNARY   05 &&& 0f
Priority: 6
Action entry: MyEgress.Int_transit.int_set_header_0407_i5 - 

[16:13:06.334] [bmv2] [D] [thread 12259] Entry 6 added to table 'MyEgress.Int_transit.tb_int_inst_0407'
[16:13:06.334] [bmv2] [D] [thread 12259] Dumping entry 6
Match key:
* hdr.int_header.instruction_mask_0407: TERNARY   06 &&& 0f
Priority: 7
Action entry: MyEgress.Int_transit.int_set_header_0407_i6 - 

[16:13:06.334] [bmv2] [D] [thread 12259] Entry 7 added to table 'MyEgress.Int_transit.tb_int_inst_0407'
[16:13:06.334] [bmv2] [D] [thread 12259] Dumping entry 7
Match key:
* hdr.int_header.instruction_mask_0407: TERNARY   07 &&& 0f
Priority: 8
Action entry: MyEgress.Int_transit.int_set_header_0407_i7 - 

[16:13:06.334] [bmv2] [D] [thread 12259] Entry 8 added to table 'MyEgress.Int_transit.tb_int_inst_0407'
[16:13:06.334] [bmv2] [D] [thread 12259] Dumping entry 8
Match key:
* hdr.int_header.instruction_mask_0407: TERNARY   08 &&& 0f
Priority: 9
Action entry: MyEgress.Int_transit.int_set_header_0407_i8 - 

[16:13:06.334] [bmv2] [D] [thread 12259] Entry 9 added to table 'MyEgress.Int_transit.tb_int_inst_0407'
[16:13:06.334] [bmv2] [D] [thread 12259] Dumping entry 9
Match key:
* hdr.int_header.instruction_mask_0407: TERNARY   09 &&& 0f
Priority: 10
Action entry: MyEgress.Int_transit.int_set_header_0407_i9 - 

[16:13:06.334] [bmv2] [D] [thread 12259] Entry 10 added to table 'MyEgress.Int_transit.tb_int_inst_0407'
[16:13:06.334] [bmv2] [D] [thread 12259] Dumping entry 10
Match key:
* hdr.int_header.instruction_mask_0407: TERNARY   0a &&& 0f
Priority: 11
Action entry: MyEgress.Int_transit.int_set_header_0407_i10 - 

[16:13:06.334] [bmv2] [D] [thread 12259] Entry 11 added to table 'MyEgress.Int_transit.tb_int_inst_0407'
[16:13:06.334] [bmv2] [D] [thread 12259] Dumping entry 11
Match key:
* hdr.int_header.instruction_mask_0407: TERNARY   0b &&& 0f
Priority: 12
Action entry: MyEgress.Int_transit.int_set_header_0407_i11 - 

[16:13:06.334] [bmv2] [D] [thread 12259] Entry 12 added to table 'MyEgress.Int_transit.tb_int_inst_0407'
[16:13:06.334] [bmv2] [D] [thread 12259] Dumping entry 12
Match key:
* hdr.int_header.instruction_mask_0407: TERNARY   0c &&& 0f
Priority: 13
Action entry: MyEgress.Int_transit.int_set_header_0407_i12 - 

[16:13:06.334] [bmv2] [D] [thread 12259] Entry 13 added to table 'MyEgress.Int_transit.tb_int_inst_0407'
[16:13:06.334] [bmv2] [D] [thread 12259] Dumping entry 13
Match key:
* hdr.int_header.instruction_mask_0407: TERNARY   0d &&& 0f
Priority: 14
Action entry: MyEgress.Int_transit.int_set_header_0407_i13 - 

[16:13:06.334] [bmv2] [D] [thread 12259] Entry 14 added to table 'MyEgress.Int_transit.tb_int_inst_0407'
[16:13:06.334] [bmv2] [D] [thread 12259] Dumping entry 14
Match key:
* hdr.int_header.instruction_mask_0407: TERNARY   0e &&& 0f
Priority: 15
Action entry: MyEgress.Int_transit.int_set_header_0407_i14 - 

[16:13:06.334] [bmv2] [D] [thread 12259] Entry 15 added to table 'MyEgress.Int_transit.tb_int_inst_0407'
[16:13:06.334] [bmv2] [D] [thread 12259] Dumping entry 15
Match key:
* hdr.int_header.instruction_mask_0407: TERNARY   0f &&& 0f
Priority: 16
Action entry: MyEgress.Int_transit.int_set_header_0407_i15 - 

[16:13:06.334] [bmv2] [D] [thread 12259] Set default default entry for table 'tbl_Int_transit_int_update_ipv4_ac': MyEgress.Int_transit.int_update_ipv4_ac - 
[16:13:06.334] [bmv2] [D] [thread 12259] Set default default entry for table 'tbl_Int_transit_int_update_udp_ac': MyEgress.Int_transit.int_update_udp_ac - 
[16:13:06.334] [bmv2] [D] [thread 12259] Set default default entry for table 'tbl_Int_transit_int_update_shim_ac': MyEgress.Int_transit.int_update_shim_ac - 
[16:13:06.334] [bmv2] [D] [thread 12259] Set default default entry for table 'tbl_act_0': act_0 - 
[16:13:06.334] [bmv2] [D] [thread 12259] Set default default entry for table 'tbl_int_sink37': int_sink37 - 
[16:13:06.334] [bmv2] [D] [thread 12259] Set default default entry for table 'tbl_Int_sink_remove_sink_header': MyEgress.Int_sink.remove_sink_header - 
[16:13:06.334] [bmv2] [D] [thread 12259] Set default default entry for table 'MyEgress.Int_sink.Int_report.tb_int_reporting': NoAction - 
[16:13:06.334] [bmv2] [D] [thread 12259] Set default default entry for table 'MyEgress.debug_egressout': NoAction - 
Adding interface s2-eth1 as port 1
[16:13:06.338] [bmv2] [D] [thread 12259] Adding interface s2-eth1 as port 1
Adding interface s2-eth2 as port 2
[16:13:06.376] [bmv2] [D] [thread 12259] Adding interface s2-eth2 as port 2
Adding interface s2-eth3 as port 3
[16:13:06.402] [bmv2] [D] [thread 12259] Adding interface s2-eth3 as port 3
Server listening on 0.0.0.0:50052
[16:13:06.406] [bmv2] [I] [thread 12259] Starting Thrift server on port 9091
[16:13:06.407] [bmv2] [I] [thread 12259] Thrift server was started
[16:13:08.577] [bmv2] [W] [thread 12314] [P4Runtime] p4::tmp::P4DeviceConfig is deprecated
[16:13:08.584] [bmv2] [D] [thread 12314] Set default default entry for table 'MyIngress.FwdIngress.ipv4_lpm': MyIngress.FwdIngress.drop - 
[16:13:08.584] [bmv2] [D] [thread 12314] Set default default entry for table 'MyIngress.process_int_source_sink.tb_set_source': MyIngress.process_int_source_sink.nop - 
[16:13:08.584] [bmv2] [D] [thread 12314] Set default default entry for table 'MyIngress.process_int_source_sink.tb_set_sink': MyIngress.process_int_source_sink.nop - 
[16:13:08.584] [bmv2] [D] [thread 12314] Set default default entry for table 'MyIngress.process_int_source_sink.tb_set_transit': MyIngress.process_int_source_sink.nop - 
[16:13:08.584] [bmv2] [D] [thread 12314] Set default default entry for table 'MyIngress.process_int_source_sink.tb_configure_sink': MyIngress.process_int_source_sink.nop - 
[16:13:08.584] [bmv2] [D] [thread 12314] Set default default entry for table 'tbl_int71': int71 - 
[16:13:08.584] [bmv2] [D] [thread 12314] Set default default entry for table 'MyIngress.process_int_source.tb_int_source': MyIngress.process_int_source.nop - 
[16:13:08.585] [bmv2] [D] [thread 12314] Set default default entry for table 'tbl_act': act - 
[16:13:08.585] [bmv2] [D] [thread 12314] Set default default entry for table 'tbl_int_transit430': int_transit430 - 
[16:13:08.585] [bmv2] [D] [thread 12314] Set default default entry for table 'tbl_Int_transit_int_hop_exceeded': MyEgress.Int_transit.int_hop_exceeded - 
[16:13:08.585] [bmv2] [D] [thread 12314] Set default default entry for table 'tbl_int_transit439': int_transit439 - 
[16:13:08.585] [bmv2] [D] [thread 12314] Set default default entry for table 'tbl_Int_transit_int_hop_cnt_increment': MyEgress.Int_transit.int_hop_cnt_increment - 
[16:13:08.586] [bmv2] [D] [thread 12314] Set default default entry for table 'MyEgress.Int_transit.tb_int_transit': NoAction - 
[16:13:08.586] [bmv2] [D] [thread 12314] Set default default entry for table 'MyEgress.Int_transit.tb_int_inst_0003': NoAction - 
[16:13:08.586] [bmv2] [D] [thread 12314] Entry 0 added to table 'MyEgress.Int_transit.tb_int_inst_0003'
[16:13:08.586] [bmv2] [D] [thread 12314] Dumping entry 0
Match key:
* hdr.int_header.instruction_mask_0003: TERNARY   00 &&& 0f
Priority: 1
Action entry: MyEgress.Int_transit.int_set_header_0003_i0 - 

[16:13:08.586] [bmv2] [D] [thread 12314] Entry 1 added to table 'MyEgress.Int_transit.tb_int_inst_0003'
[16:13:08.586] [bmv2] [D] [thread 12314] Dumping entry 1
Match key:
* hdr.int_header.instruction_mask_0003: TERNARY   01 &&& 0f
Priority: 2
Action entry: MyEgress.Int_transit.int_set_header_0003_i1 - 

[16:13:08.586] [bmv2] [D] [thread 12314] Entry 2 added to table 'MyEgress.Int_transit.tb_int_inst_0003'
[16:13:08.586] [bmv2] [D] [thread 12314] Dumping entry 2
Match key:
* hdr.int_header.instruction_mask_0003: TERNARY   02 &&& 0f
Priority: 3
Action entry: MyEgress.Int_transit.int_set_header_0003_i2 - 

[16:13:08.586] [bmv2] [D] [thread 12314] Entry 3 added to table 'MyEgress.Int_transit.tb_int_inst_0003'
[16:13:08.586] [bmv2] [D] [thread 12314] Dumping entry 3
Match key:
* hdr.int_header.instruction_mask_0003: TERNARY   03 &&& 0f
Priority: 4
Action entry: MyEgress.Int_transit.int_set_header_0003_i3 - 

[16:13:08.586] [bmv2] [D] [thread 12314] Entry 4 added to table 'MyEgress.Int_transit.tb_int_inst_0003'
[16:13:08.586] [bmv2] [D] [thread 12314] Dumping entry 4
Match key:
* hdr.int_header.instruction_mask_0003: TERNARY   04 &&& 0f
Priority: 5
Action entry: MyEgress.Int_transit.int_set_header_0003_i4 - 

[16:13:08.586] [bmv2] [D] [thread 12314] Entry 5 added to table 'MyEgress.Int_transit.tb_int_inst_0003'
[16:13:08.586] [bmv2] [D] [thread 12314] Dumping entry 5
Match key:
* hdr.int_header.instruction_mask_0003: TERNARY   05 &&& 0f
Priority: 6
Action entry: MyEgress.Int_transit.int_set_header_0003_i5 - 

[16:13:08.586] [bmv2] [D] [thread 12314] Entry 6 added to table 'MyEgress.Int_transit.tb_int_inst_0003'
[16:13:08.586] [bmv2] [D] [thread 12314] Dumping entry 6
Match key:
* hdr.int_header.instruction_mask_0003: TERNARY   06 &&& 0f
Priority: 7
Action entry: MyEgress.Int_transit.int_set_header_0003_i6 - 

[16:13:08.586] [bmv2] [D] [thread 12314] Entry 7 added to table 'MyEgress.Int_transit.tb_int_inst_0003'
[16:13:08.586] [bmv2] [D] [thread 12314] Dumping entry 7
Match key:
* hdr.int_header.instruction_mask_0003: TERNARY   07 &&& 0f
Priority: 8
Action entry: MyEgress.Int_transit.int_set_header_0003_i7 - 

[16:13:08.586] [bmv2] [D] [thread 12314] Entry 8 added to table 'MyEgress.Int_transit.tb_int_inst_0003'
[16:13:08.586] [bmv2] [D] [thread 12314] Dumping entry 8
Match key:
* hdr.int_header.instruction_mask_0003: TERNARY   08 &&& 0f
Priority: 9
Action entry: MyEgress.Int_transit.int_set_header_0003_i8 - 

[16:13:08.586] [bmv2] [D] [thread 12314] Entry 9 added to table 'MyEgress.Int_transit.tb_int_inst_0003'
[16:13:08.586] [bmv2] [D] [thread 12314] Dumping entry 9
Match key:
* hdr.int_header.instruction_mask_0003: TERNARY   09 &&& 0f
Priority: 10
Action entry: MyEgress.Int_transit.int_set_header_0003_i9 - 

[16:13:08.586] [bmv2] [D] [thread 12314] Entry 10 added to table 'MyEgress.Int_transit.tb_int_inst_0003'
[16:13:08.586] [bmv2] [D] [thread 12314] Dumping entry 10
Match key:
* hdr.int_header.instruction_mask_0003: TERNARY   0a &&& 0f
Priority: 11
Action entry: MyEgress.Int_transit.int_set_header_0003_i10 - 

[16:13:08.586] [bmv2] [D] [thread 12314] Entry 11 added to table 'MyEgress.Int_transit.tb_int_inst_0003'
[16:13:08.586] [bmv2] [D] [thread 12314] Dumping entry 11
Match key:
* hdr.int_header.instruction_mask_0003: TERNARY   0b &&& 0f
Priority: 12
Action entry: MyEgress.Int_transit.int_set_header_0003_i11 - 

[16:13:08.586] [bmv2] [D] [thread 12314] Entry 12 added to table 'MyEgress.Int_transit.tb_int_inst_0003'
[16:13:08.586] [bmv2] [D] [thread 12314] Dumping entry 12
Match key:
* hdr.int_header.instruction_mask_0003: TERNARY   0c &&& 0f
Priority: 13
Action entry: MyEgress.Int_transit.int_set_header_0003_i12 - 

[16:13:08.586] [bmv2] [D] [thread 12314] Entry 13 added to table 'MyEgress.Int_transit.tb_int_inst_0003'
[16:13:08.586] [bmv2] [D] [thread 12314] Dumping entry 13
Match key:
* hdr.int_header.instruction_mask_0003: TERNARY   0d &&& 0f
Priority: 14
Action entry: MyEgress.Int_transit.int_set_header_0003_i13 - 

[16:13:08.586] [bmv2] [D] [thread 12314] Entry 14 added to table 'MyEgress.Int_transit.tb_int_inst_0003'
[16:13:08.586] [bmv2] [D] [thread 12314] Dumping entry 14
Match key:
* hdr.int_header.instruction_mask_0003: TERNARY   0e &&& 0f
Priority: 15
Action entry: MyEgress.Int_transit.int_set_header_0003_i14 - 

[16:13:08.586] [bmv2] [D] [thread 12314] Entry 15 added to table 'MyEgress.Int_transit.tb_int_inst_0003'
[16:13:08.586] [bmv2] [D] [thread 12314] Dumping entry 15
Match key:
* hdr.int_header.instruction_mask_0003: TERNARY   0f &&& 0f
Priority: 16
Action entry: MyEgress.Int_transit.int_set_header_0003_i15 - 

[16:13:08.586] [bmv2] [D] [thread 12314] Set default default entry for table 'MyEgress.Int_transit.tb_int_inst_0407': NoAction - 
[16:13:08.586] [bmv2] [D] [thread 12314] Entry 0 added to table 'MyEgress.Int_transit.tb_int_inst_0407'
[16:13:08.586] [bmv2] [D] [thread 12314] Dumping entry 0
Match key:
* hdr.int_header.instruction_mask_0407: TERNARY   00 &&& 0f
Priority: 1
Action entry: MyEgress.Int_transit.int_set_header_0407_i0 - 

[16:13:08.586] [bmv2] [D] [thread 12314] Entry 1 added to table 'MyEgress.Int_transit.tb_int_inst_0407'
[16:13:08.586] [bmv2] [D] [thread 12314] Dumping entry 1
Match key:
* hdr.int_header.instruction_mask_0407: TERNARY   01 &&& 0f
Priority: 2
Action entry: MyEgress.Int_transit.int_set_header_0407_i1 - 

[16:13:08.586] [bmv2] [D] [thread 12314] Entry 2 added to table 'MyEgress.Int_transit.tb_int_inst_0407'
[16:13:08.586] [bmv2] [D] [thread 12314] Dumping entry 2
Match key:
* hdr.int_header.instruction_mask_0407: TERNARY   02 &&& 0f
Priority: 3
Action entry: MyEgress.Int_transit.int_set_header_0407_i2 - 

[16:13:08.586] [bmv2] [D] [thread 12314] Entry 3 added to table 'MyEgress.Int_transit.tb_int_inst_0407'
[16:13:08.586] [bmv2] [D] [thread 12314] Dumping entry 3
Match key:
* hdr.int_header.instruction_mask_0407: TERNARY   03 &&& 0f
Priority: 4
Action entry: MyEgress.Int_transit.int_set_header_0407_i3 - 

[16:13:08.586] [bmv2] [D] [thread 12314] Entry 4 added to table 'MyEgress.Int_transit.tb_int_inst_0407'
[16:13:08.586] [bmv2] [D] [thread 12314] Dumping entry 4
Match key:
* hdr.int_header.instruction_mask_0407: TERNARY   04 &&& 0f
Priority: 5
Action entry: MyEgress.Int_transit.int_set_header_0407_i4 - 

[16:13:08.586] [bmv2] [D] [thread 12314] Entry 5 added to table 'MyEgress.Int_transit.tb_int_inst_0407'
[16:13:08.586] [bmv2] [D] [thread 12314] Dumping entry 5
Match key:
* hdr.int_header.instruction_mask_0407: TERNARY   05 &&& 0f
Priority: 6
Action entry: MyEgress.Int_transit.int_set_header_0407_i5 - 

[16:13:08.586] [bmv2] [D] [thread 12314] Entry 6 added to table 'MyEgress.Int_transit.tb_int_inst_0407'
[16:13:08.586] [bmv2] [D] [thread 12314] Dumping entry 6
Match key:
* hdr.int_header.instruction_mask_0407: TERNARY   06 &&& 0f
Priority: 7
Action entry: MyEgress.Int_transit.int_set_header_0407_i6 - 

[16:13:08.586] [bmv2] [D] [thread 12314] Entry 7 added to table 'MyEgress.Int_transit.tb_int_inst_0407'
[16:13:08.586] [bmv2] [D] [thread 12314] Dumping entry 7
Match key:
* hdr.int_header.instruction_mask_0407: TERNARY   07 &&& 0f
Priority: 8
Action entry: MyEgress.Int_transit.int_set_header_0407_i7 - 

[16:13:08.586] [bmv2] [D] [thread 12314] Entry 8 added to table 'MyEgress.Int_transit.tb_int_inst_0407'
[16:13:08.586] [bmv2] [D] [thread 12314] Dumping entry 8
Match key:
* hdr.int_header.instruction_mask_0407: TERNARY   08 &&& 0f
Priority: 9
Action entry: MyEgress.Int_transit.int_set_header_0407_i8 - 

[16:13:08.586] [bmv2] [D] [thread 12314] Entry 9 added to table 'MyEgress.Int_transit.tb_int_inst_0407'
[16:13:08.586] [bmv2] [D] [thread 12314] Dumping entry 9
Match key:
* hdr.int_header.instruction_mask_0407: TERNARY   09 &&& 0f
Priority: 10
Action entry: MyEgress.Int_transit.int_set_header_0407_i9 - 

[16:13:08.586] [bmv2] [D] [thread 12314] Entry 10 added to table 'MyEgress.Int_transit.tb_int_inst_0407'
[16:13:08.586] [bmv2] [D] [thread 12314] Dumping entry 10
Match key:
* hdr.int_header.instruction_mask_0407: TERNARY   0a &&& 0f
Priority: 11
Action entry: MyEgress.Int_transit.int_set_header_0407_i10 - 

[16:13:08.586] [bmv2] [D] [thread 12314] Entry 11 added to table 'MyEgress.Int_transit.tb_int_inst_0407'
[16:13:08.586] [bmv2] [D] [thread 12314] Dumping entry 11
Match key:
* hdr.int_header.instruction_mask_0407: TERNARY   0b &&& 0f
Priority: 12
Action entry: MyEgress.Int_transit.int_set_header_0407_i11 - 

[16:13:08.586] [bmv2] [D] [thread 12314] Entry 12 added to table 'MyEgress.Int_transit.tb_int_inst_0407'
[16:13:08.586] [bmv2] [D] [thread 12314] Dumping entry 12
Match key:
* hdr.int_header.instruction_mask_0407: TERNARY   0c &&& 0f
Priority: 13
Action entry: MyEgress.Int_transit.int_set_header_0407_i12 - 

[16:13:08.586] [bmv2] [D] [thread 12314] Entry 13 added to table 'MyEgress.Int_transit.tb_int_inst_0407'
[16:13:08.586] [bmv2] [D] [thread 12314] Dumping entry 13
Match key:
* hdr.int_header.instruction_mask_0407: TERNARY   0d &&& 0f
Priority: 14
Action entry: MyEgress.Int_transit.int_set_header_0407_i13 - 

[16:13:08.586] [bmv2] [D] [thread 12314] Entry 14 added to table 'MyEgress.Int_transit.tb_int_inst_0407'
[16:13:08.586] [bmv2] [D] [thread 12314] Dumping entry 14
Match key:
* hdr.int_header.instruction_mask_0407: TERNARY   0e &&& 0f
Priority: 15
Action entry: MyEgress.Int_transit.int_set_header_0407_i14 - 

[16:13:08.586] [bmv2] [D] [thread 12314] Entry 15 added to table 'MyEgress.Int_transit.tb_int_inst_0407'
[16:13:08.586] [bmv2] [D] [thread 12314] Dumping entry 15
Match key:
* hdr.int_header.instruction_mask_0407: TERNARY   0f &&& 0f
Priority: 16
Action entry: MyEgress.Int_transit.int_set_header_0407_i15 - 

[16:13:08.586] [bmv2] [D] [thread 12314] Set default default entry for table 'tbl_Int_transit_int_update_ipv4_ac': MyEgress.Int_transit.int_update_ipv4_ac - 
[16:13:08.586] [bmv2] [D] [thread 12314] Set default default entry for table 'tbl_Int_transit_int_update_udp_ac': MyEgress.Int_transit.int_update_udp_ac - 
[16:13:08.586] [bmv2] [D] [thread 12314] Set default default entry for table 'tbl_Int_transit_int_update_shim_ac': MyEgress.Int_transit.int_update_shim_ac - 
[16:13:08.586] [bmv2] [D] [thread 12314] Set default default entry for table 'tbl_act_0': act_0 - 
[16:13:08.586] [bmv2] [D] [thread 12314] Set default default entry for table 'tbl_int_sink37': int_sink37 - 
[16:13:08.586] [bmv2] [D] [thread 12314] Set default default entry for table 'tbl_Int_sink_remove_sink_header': MyEgress.Int_sink.remove_sink_header - 
[16:13:08.586] [bmv2] [D] [thread 12314] Set default default entry for table 'MyEgress.Int_sink.Int_report.tb_int_reporting': NoAction - 
[16:13:08.586] [bmv2] [D] [thread 12314] Set default default entry for table 'MyEgress.debug_egressout': NoAction - 
[16:13:08.589] [bmv2] [D] [thread 12314] simple_switch target has been notified of a config swap
[16:13:08.590] [bmv2] [D] [thread 12314] Set default entry for table 'MyIngress.FwdIngress.ipv4_lpm': MyIngress.FwdIngress.drop - 
[16:13:08.592] [bmv2] [D] [thread 12317] Entry 0 added to table 'MyIngress.FwdIngress.ipv4_lpm'
[16:13:08.592] [bmv2] [D] [thread 12317] Dumping entry 0
Match key:
* hdr.ipv4.dst_addr   : LPM       0a000101/32
Action entry: MyIngress.FwdIngress.ipv4_forward - 80000000100,2,

[16:13:08.593] [bmv2] [D] [thread 12314] Entry 1 added to table 'MyIngress.FwdIngress.ipv4_lpm'
[16:13:08.593] [bmv2] [D] [thread 12314] Dumping entry 1
Match key:
* hdr.ipv4.dst_addr   : LPM       0a000202/32
Action entry: MyIngress.FwdIngress.ipv4_forward - 80000000222,1,

[16:13:08.594] [bmv2] [D] [thread 12317] Entry 2 added to table 'MyIngress.FwdIngress.ipv4_lpm'
[16:13:08.594] [bmv2] [D] [thread 12317] Dumping entry 2
Match key:
* hdr.ipv4.dst_addr   : LPM       0a000303/32
Action entry: MyIngress.FwdIngress.ipv4_forward - 80000000300,2,

[16:13:08.595] [bmv2] [D] [thread 12314] Entry 3 added to table 'MyIngress.FwdIngress.ipv4_lpm'
[16:13:08.595] [bmv2] [D] [thread 12314] Dumping entry 3
Match key:
* hdr.ipv4.dst_addr   : LPM       0a000404/32
Action entry: MyIngress.FwdIngress.ipv4_forward - 80000000400,3,

[16:13:46.601] [bmv2] [D] [thread 12269] [0.0] [cxt 0] Processing packet received on port 1
[16:13:46.601] [bmv2] [D] [thread 12269] [0.0] [cxt 0] Parser 'parser': start
[16:13:46.601] [bmv2] [D] [thread 12269] [0.0] [cxt 0] Parser 'parser' entering state 'start'
[16:13:46.601] [bmv2] [D] [thread 12269] [0.0] [cxt 0] Extracting header 'ethernet'
[16:13:46.601] [bmv2] [D] [thread 12269] [0.0] [cxt 0] Parser state 'start': key is 0800
[16:13:46.601] [bmv2] [T] [thread 12269] [0.0] [cxt 0] Bytes parsed: 14
[16:13:46.601] [bmv2] [D] [thread 12269] [0.0] [cxt 0] Parser 'parser' entering state 'parse_ipv4'
[16:13:46.601] [bmv2] [D] [thread 12269] [0.0] [cxt 0] Extracting header 'ipv4'
[16:13:46.601] [bmv2] [D] [thread 12269] [0.0] [cxt 0] Parser state 'parse_ipv4': key is 11
[16:13:46.601] [bmv2] [T] [thread 12269] [0.0] [cxt 0] Bytes parsed: 34
[16:13:46.601] [bmv2] [D] [thread 12269] [0.0] [cxt 0] Parser 'parser' entering state 'parse_udp'
[16:13:46.601] [bmv2] [D] [thread 12269] [0.0] [cxt 0] Extracting header 'udp'
[16:13:46.601] [bmv2] [D] [thread 12269] [0.0] [cxt 0] Parser set: setting field 'scalars.userMetadata._l4_src_port0' from field 'udp.src_port' (8001)
[16:13:46.601] [bmv2] [D] [thread 12269] [0.0] [cxt 0] Parser set: setting field 'scalars.userMetadata._l4_dst_port1' from field 'udp.dst_port' (8002)
[16:13:46.601] [bmv2] [D] [thread 12269] [0.0] [cxt 0] Parser state 'parse_udp': key is 00
[16:13:46.601] [bmv2] [T] [thread 12269] [0.0] [cxt 0] Bytes parsed: 42
[16:13:46.601] [bmv2] [D] [thread 12269] [0.0] [cxt 0] Parser 'parser': end
[16:13:46.601] [bmv2] [D] [thread 12269] [0.0] [cxt 0] Pipeline 'ingress': start
[16:13:46.601] [bmv2] [T] [thread 12269] [0.0] [cxt 0] include/fwd.p4(70) Condition "hdr.ipv4.isValid()" (node_2) is true
[16:13:46.601] [bmv2] [T] [thread 12269] [0.0] [cxt 0] Applying table 'MyIngress.FwdIngress.ipv4_lpm'
[16:13:46.601] [bmv2] [D] [thread 12269] [0.0] [cxt 0] Looking up key:
* hdr.ipv4.dst_addr   : 0a000404

[16:13:46.601] [bmv2] [D] [thread 12269] [0.0] [cxt 0] Table 'MyIngress.FwdIngress.ipv4_lpm': hit with handle 3
[16:13:46.601] [bmv2] [D] [thread 12269] [0.0] [cxt 0] Dumping entry 3
Match key:
* hdr.ipv4.dst_addr   : LPM       0a000404/32
Action entry: MyIngress.FwdIngress.ipv4_forward - 80000000400,3,

[16:13:46.601] [bmv2] [D] [thread 12269] [0.0] [cxt 0] Action entry is MyIngress.FwdIngress.ipv4_forward - 80000000400,3,
[16:13:46.601] [bmv2] [T] [thread 12269] [0.0] [cxt 0] Action MyIngress.FwdIngress.ipv4_forward
[16:13:46.601] [bmv2] [T] [thread 12269] [0.0] [cxt 0] include/fwd.p4(35) Primitive standard_metadata.egress_spec = port
[16:13:46.601] [bmv2] [T] [thread 12269] [0.0] [cxt 0] include/fwd.p4(37) Primitive hdr.ethernet.dst_addr = dst_addr
[16:13:46.601] [bmv2] [T] [thread 12269] [0.0] [cxt 0] include/fwd.p4(38) Primitive hdr.ipv4.ttl = hdr.ipv4.ttl - 1
[16:13:46.601] [bmv2] [T] [thread 12269] [0.0] [cxt 0] Applying table 'MyIngress.process_int_source_sink.tb_set_source'
[16:13:46.601] [bmv2] [D] [thread 12269] [0.0] [cxt 0] Looking up key:
* standard_metadata.ingress_port: 0001

[16:13:46.601] [bmv2] [D] [thread 12269] [0.0] [cxt 0] Table 'MyIngress.process_int_source_sink.tb_set_source': miss
[16:13:46.601] [bmv2] [D] [thread 12269] [0.0] [cxt 0] Action entry is MyIngress.process_int_source_sink.nop - 
[16:13:46.601] [bmv2] [T] [thread 12269] [0.0] [cxt 0] Action MyIngress.process_int_source_sink.nop
[16:13:46.601] [bmv2] [T] [thread 12269] [0.0] [cxt 0] Applying table 'MyIngress.process_int_source_sink.tb_set_sink'
[16:13:46.601] [bmv2] [D] [thread 12269] [0.0] [cxt 0] Looking up key:
* standard_metadata.egress_spec: 0003

[16:13:46.601] [bmv2] [D] [thread 12269] [0.0] [cxt 0] Table 'MyIngress.process_int_source_sink.tb_set_sink': miss
[16:13:46.601] [bmv2] [D] [thread 12269] [0.0] [cxt 0] Action entry is MyIngress.process_int_source_sink.nop - 
[16:13:46.601] [bmv2] [T] [thread 12269] [0.0] [cxt 0] Action MyIngress.process_int_source_sink.nop
[16:13:46.601] [bmv2] [T] [thread 12269] [0.0] [cxt 0] Applying table 'MyIngress.process_int_source_sink.tb_set_transit'
[16:13:46.601] [bmv2] [D] [thread 12269] [0.0] [cxt 0] Looking up key:
* standard_metadata.ingress_port: 0001

[16:13:46.601] [bmv2] [D] [thread 12269] [0.0] [cxt 0] Table 'MyIngress.process_int_source_sink.tb_set_transit': miss
[16:13:46.601] [bmv2] [D] [thread 12269] [0.0] [cxt 0] Action entry is MyIngress.process_int_source_sink.nop - 
[16:13:46.601] [bmv2] [T] [thread 12269] [0.0] [cxt 0] Action MyIngress.process_int_source_sink.nop
[16:13:46.601] [bmv2] [T] [thread 12269] [0.0] [cxt 0] int.p4(68) Condition "local_metadata" (node_7) is false
[16:13:46.601] [bmv2] [T] [thread 12269] [0.0] [cxt 0] Applying table 'tbl_int71'
[16:13:46.601] [bmv2] [D] [thread 12269] [0.0] [cxt 0] Looking up key:

[16:13:46.601] [bmv2] [D] [thread 12269] [0.0] [cxt 0] Table 'tbl_int71': miss
[16:13:46.601] [bmv2] [D] [thread 12269] [0.0] [cxt 0] Action entry is int71 - 
[16:13:46.602] [bmv2] [T] [thread 12269] [0.0] [cxt 0] Action int71
[16:13:46.602] [bmv2] [T] [thread 12269] [0.0] [cxt 0] int.p4(71) Primitive local_metadata.int_meta.ingress_tstamp = standard_metadata.ingress_global_timestamp
[16:13:46.602] [bmv2] [T] [thread 12269] [0.0] [cxt 0] int.p4(72) Primitive local_metadata.int_meta.ingress_port = (bit<16>)standard_metadata.ingress_port
[16:13:46.602] [bmv2] [T] [thread 12269] [0.0] [cxt 0] int.p4(74) Condition "local_metadata" (node_10) is false
[16:13:46.602] [bmv2] [D] [thread 12269] [0.0] [cxt 0] Pipeline 'ingress': end
[16:13:46.602] [bmv2] [D] [thread 12269] [0.0] [cxt 0] Egress port is 3
[16:13:46.602] [bmv2] [D] [thread 12273] [0.0] [cxt 0] Pipeline 'egress': start
[16:13:46.602] [bmv2] [T] [thread 12273] [0.0] [cxt 0] int.p4(134) Condition "local_metadata" (node_14) is false
[16:13:46.602] [bmv2] [T] [thread 12273] [0.0] [cxt 0] Applying table 'tbl_act_0'
[16:13:46.602] [bmv2] [D] [thread 12273] [0.0] [cxt 0] Looking up key:

[16:13:46.602] [bmv2] [D] [thread 12273] [0.0] [cxt 0] Table 'tbl_act_0': miss
[16:13:46.602] [bmv2] [D] [thread 12273] [0.0] [cxt 0] Action entry is act_0 - 
[16:13:46.602] [bmv2] [T] [thread 12273] [0.0] [cxt 0] Action act_0
[16:13:46.602] [bmv2] [T] [thread 12273] [0.0] [cxt 0] Primitive (no source info)
[16:13:46.602] [bmv2] [T] [thread 12273] [0.0] [cxt 0] include/int_sink.p4(36) Condition "hdr.int_header.isValid()" (node_33) is false
[16:13:46.602] [bmv2] [T] [thread 12273] [0.0] [cxt 0] Applying table 'tbl_int_sink37'
[16:13:46.602] [bmv2] [D] [thread 12273] [0.0] [cxt 0] Looking up key:

[16:13:46.602] [bmv2] [D] [thread 12273] [0.0] [cxt 0] Table 'tbl_int_sink37': miss
[16:13:46.602] [bmv2] [D] [thread 12273] [0.0] [cxt 0] Action entry is int_sink37 - 
[16:13:46.602] [bmv2] [T] [thread 12273] [0.0] [cxt 0] Action int_sink37
[16:13:46.602] [bmv2] [T] [thread 12273] [0.0] [cxt 0] include/int_sink.p4(37) Primitive return
[16:13:46.602] [bmv2] [T] [thread 12273] [0.0] [cxt 0] Condition "node_35" (node_35) is true
[16:13:46.602] [bmv2] [T] [thread 12273] [0.0] [cxt 0] Applying table 'MyEgress.debug_egressout'
[16:13:46.602] [bmv2] [D] [thread 12273] [0.0] [cxt 0] Looking up key:
* hdr.ethernet.dst_addr       : 080000000400
* hdr.ethernet.src_addr       : 080000000222
* hdr.ipv4.src_addr           : 0a000202
* hdr.ipv4.dst_addr           : 0a000404
* hdr.udp.src_port            : 1f41
* hdr.udp.dst_port            : 1f42
* hdr.report_ethernet.dst_addr: 000000000000
* hdr.report_ethernet.src_addr: 000000000000
* hdr.report_ipv4.src_addr    : 00000000
* hdr.report_ipv4.dst_addr    : 00000000
* hdr.report_udp.src_port     : 0000
* hdr.report_udp.dst_port     : 0000

[16:13:46.602] [bmv2] [D] [thread 12273] [0.0] [cxt 0] Table 'MyEgress.debug_egressout': miss
[16:13:46.602] [bmv2] [D] [thread 12273] [0.0] [cxt 0] Action entry is NoAction - 
[16:13:46.602] [bmv2] [T] [thread 12273] [0.0] [cxt 0] Action NoAction
[16:13:46.602] [bmv2] [D] [thread 12273] [0.0] [cxt 0] Pipeline 'egress': end
[16:13:46.602] [bmv2] [D] [thread 12273] [0.0] [cxt 0] Deparser 'deparser': start
[16:13:46.602] [bmv2] [D] [thread 12273] [0.0] [cxt 0] Updating checksum 'cksum'
[16:13:46.602] [bmv2] [D] [thread 12273] [0.0] [cxt 0] Deparsing header 'ethernet'
[16:13:46.602] [bmv2] [D] [thread 12273] [0.0] [cxt 0] Deparsing header 'ipv4'
[16:13:46.602] [bmv2] [D] [thread 12273] [0.0] [cxt 0] Deparsing header 'udp'
[16:13:46.602] [bmv2] [D] [thread 12273] [0.0] [cxt 0] Deparser 'deparser': end
[16:13:46.602] [bmv2] [D] [thread 12274] [0.0] [cxt 0] Transmitting packet of size 45 out of port 3
open: No such file or directory
open: No such file or directory
open: No such file or directory
open: No such file or directory
open: No such file or directory
